0 info it worked if it ends with ok
1 verbose cli [ 'C:\\Program Files\\nodejs\\\\node.exe',
1 verbose cli   'C:\\Program Files\\nodejs\\node_modules\\npm\\bin\\npm-cli.js',
1 verbose cli   'publish' ]
2 info using npm@1.4.28
3 info using node@v0.10.33
4 verbose node symlink C:\Program Files\nodejs\\node.exe
5 verbose publish [ '.' ]
6 verbose cache add [ '.', null ]
7 verbose cache add name=undefined spec="." args=[".",null]
8 verbose parsed url { protocol: null,
8 verbose parsed url   slashes: null,
8 verbose parsed url   auth: null,
8 verbose parsed url   host: null,
8 verbose parsed url   port: null,
8 verbose parsed url   hostname: null,
8 verbose parsed url   hash: null,
8 verbose parsed url   search: null,
8 verbose parsed url   query: null,
8 verbose parsed url   pathname: '.',
8 verbose parsed url   path: '.',
8 verbose parsed url   href: '.' }
9 silly lockFile 3a52ce78- .
10 verbose lock . C:\Users\Administrator\AppData\Roaming\npm-cache\3a52ce78-.lock
11 verbose tar pack [ 'C:\\Users\\Administrator\\AppData\\Roaming\\npm-cache\\smooth-fe\\1.1.0\\package.tgz',
11 verbose tar pack   '.' ]
12 verbose tarball C:\Users\Administrator\AppData\Roaming\npm-cache\smooth-fe\1.1.0\package.tgz
13 verbose folder .
14 info prepublish smooth-fe@1.1.0
15 silly lockFile 1f1177db-tar tar://.
16 verbose lock tar://. C:\Users\Administrator\AppData\Roaming\npm-cache\1f1177db-tar.lock
17 silly lockFile 68b80609-ache-smooth-fe-1-1-0-package-tgz tar://C:\Users\Administrator\AppData\Roaming\npm-cache\smooth-fe\1.1.0\package.tgz
18 verbose lock tar://C:\Users\Administrator\AppData\Roaming\npm-cache\smooth-fe\1.1.0\package.tgz C:\Users\Administrator\AppData\Roaming\npm-cache\68b80609-ache-smooth-fe-1-1-0-package-tgz.lock
19 silly lockFile 1f1177db-tar tar://.
20 silly lockFile 1f1177db-tar tar://.
21 silly lockFile 68b80609-ache-smooth-fe-1-1-0-package-tgz tar://C:\Users\Administrator\AppData\Roaming\npm-cache\smooth-fe\1.1.0\package.tgz
22 silly lockFile 68b80609-ache-smooth-fe-1-1-0-package-tgz tar://C:\Users\Administrator\AppData\Roaming\npm-cache\smooth-fe\1.1.0\package.tgz
23 silly lockFile 0ffed0ea-pm-cache-smooth-fe-1-1-0-package C:\Users\Administrator\AppData\Roaming\npm-cache\smooth-fe\1.1.0\package
24 verbose lock C:\Users\Administrator\AppData\Roaming\npm-cache\smooth-fe\1.1.0\package C:\Users\Administrator\AppData\Roaming\npm-cache\0ffed0ea-pm-cache-smooth-fe-1-1-0-package.lock
25 silly lockFile 0ffed0ea-pm-cache-smooth-fe-1-1-0-package C:\Users\Administrator\AppData\Roaming\npm-cache\smooth-fe\1.1.0\package
26 silly lockFile 0ffed0ea-pm-cache-smooth-fe-1-1-0-package C:\Users\Administrator\AppData\Roaming\npm-cache\smooth-fe\1.1.0\package
27 silly lockFile 3a52ce78- .
28 silly lockFile 3a52ce78- .
29 silly publish { name: 'smooth-fe',
29 silly publish   version: '1.1.0',
29 silly publish   description: 'Optimze CSS and JavaScript',
29 silly publish   main: 'index.js',
29 silly publish   bin: { smooth: 'bin/smooth' },
29 silly publish   dependencies:
29 silly publish    { 'fs-extra': '^0.13.0',
29 silly publish      colors: '^1.0.3',
29 silly publish      'iconv-lite': '^0.4.5',
29 silly publish      'uglify-js': '^2.4.16',
29 silly publish      'clean-css': '^3.0.1' },
29 silly publish   devDependencies: {},
29 silly publish   scripts: { test: 'echo "Error: no test specified" && exit 1' },
29 silly publish   repository: { type: 'git', url: 'https://github.com/rainmanec/smooth.git' },
29 silly publish   keywords:
29 silly publish    [ 'Optimze',
29 silly publish      'Smooth',
29 silly publish      'UglifyJS2',
29 silly publish      'clean-css',
29 silly publish      'CSS',
29 silly publish      'JavaScript',
29 silly publish      'Minify' ],
29 silly publish   author: { name: 'Rain Man' },
29 silly publish   license: 'ISC',
29 silly publish   bugs: { url: 'https://github.com/rainmanec/smooth/issues' },
29 silly publish   homepage: 'https://github.com/rainmanec/smooth',
29 silly publish   _id: 'smooth-fe@1.1.0',
29 silly publish   _shasum: 'ea48ac14d8e986a2c3575c96673faac95cee79db',
29 silly publish   _from: '.',
29 silly publish   _npmVersion: '1.4.28',
29 silly publish   _npmUser: { name: 'rainmanec', email: 'rainmanec@163.com' },
29 silly publish   maintainers: [ { name: 'rainmanec', email: 'rainmanec@163.com' } ],
29 silly publish   dist:
29 silly publish    { shasum: 'ac764687f30f5b9d95b719960865ac04ba9c81bd',
29 silly publish      tarball: 'http://registry.npmjs.org/smooth-fe/-/smooth-fe-1.0.8.tgz' },
29 silly publish   directories: {},
29 silly publish   _resolved: 'https://registry.npmjs.org/smooth-fe/-/smooth-fe-1.0.8.tgz',
29 silly publish   readme: 'ERROR: No README data found!',
29 silly publish   gitHead: '132741d56558ab87563befcffca36de860a7496f' }
30 verbose request where is /smooth-fe
31 verbose request registry https://registry.npmjs.org/
32 verbose request id 0d8ea220ee8c6b2f
33 verbose url raw /smooth-fe
34 verbose url resolving [ 'https://registry.npmjs.org/', './smooth-fe' ]
35 verbose url resolved https://registry.npmjs.org/smooth-fe
36 verbose request where is https://registry.npmjs.org/smooth-fe
37 info trying registry request attempt 1 at 12:51:30
38 http PUT https://registry.npmjs.org/smooth-fe
39 http 403 https://registry.npmjs.org/smooth-fe
40 verbose headers { date: 'Tue, 06 Jan 2015 04:51:29 GMT',
40 verbose headers   server: 'CouchDB/1.5.0 (Erlang OTP/R16B03)',
40 verbose headers   'content-type': 'application/json',
40 verbose headers   'cache-control': 'max-age=60',
40 verbose headers   'content-length': '2769',
40 verbose headers   'accept-ranges': 'bytes',
40 verbose headers   via: '1.1 varnish',
40 verbose headers   'x-served-by': 'cache-ty67-TYO',
40 verbose headers   'x-cache': 'MISS',
40 verbose headers   'x-cache-hits': '0',
40 verbose headers   'x-timer': 'S1420519889.364453,VS0,VE227',
40 verbose headers   'keep-alive': 'timeout=10, max=50',
40 verbose headers   connection: 'Keep-Alive' }
41 error publish Failed PUT 403
42 error Error: forbidden cannot modify pre-existing version: 1.1.0
42 error old={"name":"smooth-fe","version":"1.1.0","description":"Optimze CSS and JavaScript","main":"index.js","bin":{"smooth":"bin/smooth"},"dependencies":{"fs-extra":"^0.13.0","colors":"^1.0.3","iconv-lite":"^0.4.5","uglify-js":"^2.4.16","clean-css":"^3.0.1"},"devDependencies":{},"scripts":{"test":"echo \"Error: no test specified\" && exit 1"},"repository":{"type":"git","url":"https://github.com/rainmanec/smooth.git"},"keywords":["Optimze","Smooth","UglifyJS2","clean-css","CSS","JavaScript","Minify"],"author":{"name":"Rain Man"},"license":"ISC","bugs":{"url":"https://github.com/rainmanec/smooth/issues"},"homepage":"https://github.com/rainmanec/smooth","_id":"smooth-fe@1.1.0","_shasum":"ea48ac14d8e986a2c3575c96673faac95cee79db","_from":".","_npmVersion":"1.4.28","_npmUser":{"name":"rainmanec","email":"rainmanec@163.com"},"maintainers":[{"name":"rainmanec","email":"rainmanec@163.com"}],"dist":{"shasum":"ea48ac14d8e986a2c3575c96673faac95cee79db","tarball":"http://registry.npmjs.org/smooth-fe/-/smooth-fe-1.1.0.tgz"},"directories":{},"_resolved":"https://registry.npmjs.org/smooth-fe/-/smooth-fe-1.0.8.tgz","gitHead":"132741d56558ab87563befcffca36de860a7496f"}
42 error new={"name":"smooth-fe","version":"1.1.0","description":"Optimze CSS and JavaScript","main":"index.js","bin":{"smooth":"bin/smooth"},"dependencies":{"fs-extra":"^0.13.0","colors":"^1.0.3","iconv-lite":"^0.4.5","uglify-js":"^2.4.16","clean-css":"^3.0.1"},"devDependencies":{},"scripts":{"test":"echo \"Error: no test specified\" && exit 1"},"repository":{"type":"git","url":"https://github.com/rainmanec/smooth.git"},"keywords":["Optimze","Smooth","UglifyJS2","clean-css","CSS","JavaScript","Minify"],"author":{"name":"Rain Man"},"license":"ISC","bugs":{"url":"https://github.com/rainmanec/smooth/issues"},"homepage":"https://github.com/rainmanec/smooth","_id":"smooth-fe@1.1.0","_shasum":"ea48ac14d8e986a2c3575c96673faac95cee79db","_from":".","_npmVersion":"1.4.28","_npmUser":{"name":"rainmanec","email":"rainmanec@163.com"},"maintainers":[{"name":"rainmanec","email":"rainmanec@163.com"}],"dist":{"shasum":"ea48ac14d8e986a2c3575c96673faac95cee79db","tarball":"http://registry.npmjs.org/smooth-fe/-/smooth-fe-1.1.0.tgz"},"directories":{},"_resolved":"https://registry.npmjs.org/smooth-fe/-/smooth-fe-1.0.8.tgz","readme":"ERROR: No README data found!","gitHead":"132741d56558ab87563befcffca36de860a7496f"}: smooth-fe
42 error     at RegClient.<anonymous> (C:\Program Files\nodejs\node_modules\npm\node_modules\npm-registry-client\lib\request.js:308:14)
42 error     at Request._callback (C:\Program Files\nodejs\node_modules\npm\node_modules\npm-registry-client\lib\request.js:246:65)
42 error     at Request.self.callback (C:\Program Files\nodejs\node_modules\npm\node_modules\request\request.js:236:22)
42 error     at Request.emit (events.js:98:17)
42 error     at Request.<anonymous> (C:\Program Files\nodejs\node_modules\npm\node_modules\request\request.js:1142:14)
42 error     at Request.emit (events.js:117:20)
42 error     at IncomingMessage.<anonymous> (C:\Program Files\nodejs\node_modules\npm\node_modules\request\request.js:1096:12)
42 error     at IncomingMessage.emit (events.js:117:20)
42 error     at _stream_readable.js:943:16
42 error     at process._tickCallback (node.js:419:13)
43 error If you need help, you may report this *entire* log,
43 error including the npm and node versions, at:
43 error     <http://github.com/npm/npm/issues>
44 error System Windows_NT 6.2.9200
45 error command "C:\\Program Files\\nodejs\\\\node.exe" "C:\\Program Files\\nodejs\\node_modules\\npm\\bin\\npm-cli.js" "publish"
46 error cwd E:\GiHub\smooth-fe
47 error node -v v0.10.33
48 error npm -v 1.4.28
49 verbose exit [ 1, true ]
